Determining if the pthread_create exist failed with the following output:
Change Dir: /home/user/Workspace/git/seamless-mocap/body_tracking/cpp/build/CMakeFiles/CMakeTmp

Run Build Command:"/usr/bin/make" "cmTC_20a47/fast"
/usr/bin/make -f CMakeFiles/cmTC_20a47.dir/build.make CMakeFiles/cmTC_20a47.dir/build
make[1]: Entering directory '/home/user/Workspace/git/seamless-mocap/body_tracking/cpp/build/CMakeFiles/CMakeTmp'
Building C object CMakeFiles/cmTC_20a47.dir/CheckSymbolExists.c.o
/usr/bin/cc    -o CMakeFiles/cmTC_20a47.dir/CheckSymbolExists.c.o   -c /home/user/Workspace/git/seamless-mocap/body_tracking/cpp/build/CMakeFiles/CMakeTmp/CheckSymbolExists.c
Linking C executable cmTC_20a47
/usr/bin/cmake -E cmake_link_script CMakeFiles/cmTC_20a47.dir/link.txt --verbose=1
/usr/bin/cc      -rdynamic CMakeFiles/cmTC_20a47.dir/CheckSymbolExists.c.o  -o cmTC_20a47 
CMakeFiles/cmTC_20a47.dir/CheckSymbolExists.c.o: In function `main':
CheckSymbolExists.c:(.text+0x14): undefined reference to `pthread_create'
CheckSymbolExists.c:(.text+0x18): undefined reference to `pthread_create'
collect2: error: ld returned 1 exit status
CMakeFiles/cmTC_20a47.dir/build.make:97: recipe for target 'cmTC_20a47' failed
make[1]: *** [cmTC_20a47] Error 1
make[1]: Leaving directory '/home/user/Workspace/git/seamless-mocap/body_tracking/cpp/build/CMakeFiles/CMakeTmp'
Makefile:126: recipe for target 'cmTC_20a47/fast' failed
make: *** [cmTC_20a47/fast] Error 2

File /home/user/Workspace/git/seamless-mocap/body_tracking/cpp/build/CMakeFiles/CMakeTmp/CheckSymbolExists.c:
/* */
#include <pthread.h>

int main(int argc, char** argv)
{
  (void)argv;
#ifndef pthread_create
  return ((int*)(&pthread_create))[argc];
#else
  (void)argc;
  return 0;
#endif
}

Determining if the function pthread_create exists in the pthreads failed with the following output:
Change Dir: /home/user/Workspace/git/seamless-mocap/body_tracking/cpp/build/CMakeFiles/CMakeTmp

Run Build Command:"/usr/bin/make" "cmTC_1528b/fast"
/usr/bin/make -f CMakeFiles/cmTC_1528b.dir/build.make CMakeFiles/cmTC_1528b.dir/build
make[1]: Entering directory '/home/user/Workspace/git/seamless-mocap/body_tracking/cpp/build/CMakeFiles/CMakeTmp'
Building C object CMakeFiles/cmTC_1528b.dir/CheckFunctionExists.c.o
/usr/bin/cc   -DCHECK_FUNCTION_EXISTS=pthread_create   -o CMakeFiles/cmTC_1528b.dir/CheckFunctionExists.c.o   -c /usr/share/cmake-3.10/Modules/CheckFunctionExists.c
Linking C executable cmTC_1528b
/usr/bin/cmake -E cmake_link_script CMakeFiles/cmTC_1528b.dir/link.txt --verbose=1
/usr/bin/cc  -DCHECK_FUNCTION_EXISTS=pthread_create    -rdynamic CMakeFiles/cmTC_1528b.dir/CheckFunctionExists.c.o  -o cmTC_1528b -lpthreads 
/usr/bin/ld: cannot find -lpthreads
collect2: error: ld returned 1 exit status
CMakeFiles/cmTC_1528b.dir/build.make:97: recipe for target 'cmTC_1528b' failed
make[1]: *** [cmTC_1528b] Error 1
make[1]: Leaving directory '/home/user/Workspace/git/seamless-mocap/body_tracking/cpp/build/CMakeFiles/CMakeTmp'
Makefile:126: recipe for target 'cmTC_1528b/fast' failed
make: *** [cmTC_1528b/fast] Error 2


